ParaName	ParaIncr		  ZX		   ZXh		   ZXhh		   HesM
    1  0.001695    140.00    144.61    144.63    -1598946.73
    2  0.148875    140.00    144.48    144.47        -202.49
    3  0.001540    140.00    145.56    147.41    -1560765.39
    4  0.019500    140.00    145.34    149.03       -4359.62

ParaX	ParaY	ParaXIncr	ParaYIncr		  ZXY		   ZXhY		   ZXYh		   ZXhYh		   HesM
    1    2  0.001695  0.148875    140.00    144.61    144.48    144.51      -18179.24
    1    3  0.001695  0.001540    140.00    144.61    145.56    145.76    -1690176.23
    1    4  0.001695  0.019500    140.00    144.61    145.34    145.26     -141969.02
    2    3  0.148875  0.001540    140.00    144.48    145.56    145.29      -20694.37
    2    4  0.148875  0.019500    140.00    144.48    145.34    145.27       -1569.83
    3    4  0.001540  0.019500    140.00    145.56    145.34    145.09     -193593.26

minVOF	N(Number of terms)	K(Number of Parameters)	:
    140.00       156         4

SD(Model_Strandard_Deviation)	HWCI_SD(half width of a 95onfidence Interval):
    0.9597    0.1074

ParaName	ParaValue	SDpara	HWCIpara	LowerBound	HigherBound
      1    0.0339      +NAN      +NAN      +NAN      +NAN
      2    2.9775    0.0677    0.1327    2.8448    3.1102
      3    0.0308      +NAN      +NAN      +NAN      +NAN
      4    0.3900    0.0133    0.0260    0.3640    0.4160

Hessian Matrix:
-1598946.73 -18179.24-1690176.23-141969.02
 -18179.24   -202.49 -20694.37  -1569.83
-1690176.23 -20694.37-1560765.39-193593.26
-141969.02  -1569.83-193593.26  -4359.62

Covariance Matrix:
      -0.000058       0.002187       0.000023       0.000090
       0.002187       0.004586      -0.001466      -0.007763
       0.000023      -0.001466      -0.000005      -0.000017
       0.000090      -0.007763      -0.000017       0.000177

Correlation Matrix:
           +NAN           +NAN           +NAN           +NAN
           +NAN       1.000000           +NAN      -8.627611
           +NAN           +NAN           +NAN           +NAN
           +NAN      -8.627611           +NAN       1.000000
