

@ SCE-UA Run Number = 0 
 Random Seed Value = -1 


=============================================
=====<<< ENTER THE SCEUA SUBROUTINE >>>======
=============================================

ENTER THE SHUFFLED COMPLEX EVOLUTION  <<>>  GLOBAL SEARCH
*** PRINT THE INITIAL POINT AND ITS CRITERION VALUE ***
CRITERION	X0	X1	X2	X3	X4	
     0.280     0.034     2.978     0.031     0.390    30.000
*** PRINT THE RESULTS OF THE SCE SEARCH ***
LOOP  TRIALS  COMPLXS  BEST-F  WORST-F  PAR-RNG		X0		X1		X2		X3		X4		
0	22	2     0.014     0.850     0.891     0.051	     2.156	     0.091	     0.642	    25.356	

1	50	2     0.014     0.241     0.726     0.051	     2.156	     0.091	     0.642	    25.356	

2	82	2     0.003     0.241     0.650     0.118	     2.754	     0.057	     0.577	    10.081	

3	118	2     0.003     0.044     0.494     0.118	     2.754	     0.057	     0.577	    10.081	

4	149	2     0.003     0.033     0.304     0.118	     2.754	     0.057	     0.577	    10.081	
===X0	===X1	===X2	===X3	===X4	
5	186	2     0.003     0.021     0.262     0.096	     2.012	     0.059	     0.574	    11.760	

6	218	2     0.002     0.021     0.221     0.087	     1.389	     0.064	     0.587	    18.380	

7	251	2     0.002     0.010     0.146     0.092	     2.118	     0.063	     0.584	    17.641	

8	284	2     0.002     0.010     0.124     0.092	     2.118	     0.063	     0.584	    17.641	

9	319	2     0.002     0.005     0.109     0.086	     1.889	     0.065	     0.587	    19.559	
===X0	===X1	===X2	===X3	===X4	
10	359	2     0.001     0.005     0.086     0.083	     1.972	     0.065	     0.586	    20.094	

11	395	2     0.001     0.003     0.075     0.085	     1.804	     0.064	     0.586	    20.181	

12	431	2     0.001     0.005     0.042     0.090	     1.724	     0.063	     0.585	    18.444	

13	469	2     0.001     0.005     0.033     0.088	     1.713	     0.064	     0.586	    19.169	

14	504	2     0.001     0.002     0.026     0.090	     1.736	     0.063	     0.584	    18.849	
===X0	===X1	===X2	===X3	===X4	
15	542	2     0.001     0.003     0.018     0.091	     1.705	     0.063	     0.585	    17.628	

16	578	2     0.001     0.002     0.014     0.089	     1.680	     0.063	     0.585	    18.467	

17	610	2     0.001     0.002     0.014     0.089	     1.680	     0.063	     0.585	    18.467	

18	639	2     0.001     0.002     0.009     0.089	     1.675	     0.063	     0.584	    17.776	

19	668	2     0.001     0.002     0.010     0.090	     1.636	     0.063	     0.584	    17.222	
===X0	===X1	===X2	===X3	===X4	
20	697	2     0.001     0.001     0.012     0.089	     1.637	     0.063	     0.584	    17.314	

21	731	2     0.001     0.001     0.008     0.089	     1.606	     0.062	     0.583	    17.047	

22	759	2     0.001     0.001     0.009     0.088	     1.586	     0.063	     0.583	    16.487	

23	790	2     0.001     0.001     0.011     0.088	     1.579	     0.062	     0.583	    16.217	

24	823	2     0.001     0.001     0.010     0.087	     1.552	     0.063	     0.583	    15.742	
===X0	===X1	===X2	===X3	===X4	
25	856	2     0.001     0.001     0.006     0.086	     1.535	     0.063	     0.583	    15.519	

26	890	2     0.001     0.001     0.005     0.087	     1.538	     0.063	     0.583	    15.485	

27	919	2     0.001     0.001     0.005     0.087	     1.540	     0.063	     0.583	    15.409	

28	952	2     0.001     0.001     0.004     0.087	     1.536	     0.063	     0.583	    15.269	

29	979	2     0.001     0.001     0.004     0.088	     1.526	     0.062	     0.583	    14.948	
===X0	===X1	===X2	===X3	===X4	
30	1006	2     0.001     0.001     0.007     0.089	     1.514	     0.062	     0.583	    14.363	

31	1032	2     0.001     0.001     0.007     0.088	     1.510	     0.062	     0.583	    14.416	

32	1062	2     0.001     0.001     0.007     0.088	     1.501	     0.062	     0.583	    13.978	

33	1095	2     0.001     0.001     0.007     0.089	     1.505	     0.062	     0.583	    13.979	

34	1127	2     0.001     0.001     0.006     0.090	     1.504	     0.062	     0.583	    13.829	
===X0	===X1	===X2	===X3	===X4	
35	1156	2     0.001     0.001     0.007     0.090	     1.499	     0.062	     0.583	    13.579	

36	1188	2     0.001     0.001     0.006     0.090	     1.495	     0.062	     0.583	    13.390	

37	1220	2     0.001     0.001     0.005     0.090	     1.488	     0.062	     0.583	    13.102	

38	1250	2     0.001     0.001     0.004     0.090	     1.486	     0.062	     0.583	    13.002	

39	1275	2     0.001     0.001     0.004     0.090	     1.478	     0.062	     0.582	    12.567	
===X0	===X1	===X2	===X3	===X4	
40	1301	2     0.001     0.001     0.005     0.090	     1.476	     0.062	     0.582	    12.397	

41	1328	2     0.001     0.001     0.005     0.091	     1.470	     0.061	     0.582	    11.807	

42	1357	2     0.001     0.001     0.006     0.090	     1.467	     0.062	     0.582	    11.768	

43	1386	2     0.001     0.001     0.006     0.090	     1.463	     0.061	     0.582	    11.412	

44	1418	2     0.001     0.001     0.005     0.091	     1.461	     0.061	     0.582	    11.074	
===X0	===X1	===X2	===X3	===X4	
45	1447	2     0.001     0.001     0.004     0.090	     1.459	     0.061	     0.582	    11.137	

46	1474	2     0.001     0.001     0.005     0.090	     1.448	     0.061	     0.582	    10.575	

47	1503	2     0.001     0.001     0.004     0.090	     1.448	     0.061	     0.582	    10.495	

48	1535	2     0.001     0.001     0.004     0.090	     1.446	     0.061	     0.582	    10.430	

49	1565	2     0.001     0.001     0.004     0.090	     1.439	     0.061	     0.582	     9.948	
===X0	===X1	===X2	===X3	===X4	
50	1596	2     0.001     0.001     0.003     0.090	     1.441	     0.061	     0.582	     9.861	

51	1621	2     0.001     0.001     0.004     0.091	     1.442	     0.061	     0.582	     9.551	

52	1655	2     0.001     0.001     0.003     0.090	     1.438	     0.061	     0.582	     9.599	

53	1684	2     0.001     0.001     0.003     0.091	     1.435	     0.061	     0.582	     9.231	

54	1717	2     0.001     0.001     0.003     0.091	     1.431	     0.061	     0.582	     8.858	
===X0	===X1	===X2	===X3	===X4	
55	1747	2     0.001     0.001     0.003     0.091	     1.431	     0.061	     0.582	     8.803	

56	1774	2     0.001     0.001     0.002     0.090	     1.428	     0.061	     0.582	     8.708	

57	1802	2     0.001     0.001     0.002     0.091	     1.428	     0.061	     0.582	     8.638	

58	1832	2     0.001     0.001     0.002     0.091	     1.429	     0.061	     0.582	     8.504	

59	1864	2     0.001     0.001     0.002     0.091	     1.428	     0.061	     0.582	     8.322	
===X0	===X1	===X2	===X3	===X4	
60	1892	2     0.001     0.001     0.002     0.091	     1.427	     0.061	     0.582	     8.002	

61	1924	2     0.001     0.001     0.002     0.091	     1.426	     0.061	     0.582	     7.982	

62	1951	2     0.001     0.001     0.001     0.091	     1.422	     0.061	     0.582	     7.769	

63	1977	2     0.001     0.001     0.002     0.091	     1.420	     0.061	     0.582	     7.553	

64	2007	2     0.001     0.001     0.002     0.091	     1.418	     0.061	     0.582	     7.557	
===X0	===X1	===X2	===X3	===X4	
65	2041	2     0.001     0.001     0.002     0.091	     1.418	     0.061	     0.582	     7.439	

66	2068	2     0.001     0.001     0.002     0.091	     1.417	     0.061	     0.582	     7.291	

67	2093	2     0.001     0.001     0.002     0.091	     1.414	     0.061	     0.582	     7.100	

68	2121	2     0.001     0.001     0.004     0.091	     1.413	     0.061	     0.582	     6.773	

69	2154	2     0.001     0.001     0.003     0.091	     1.411	     0.061	     0.582	     6.722	
===X0	===X1	===X2	===X3	===X4	
70	2190	2     0.001     0.001     0.002     0.091	     1.409	     0.061	     0.582	     6.418	

71	2217	2     0.001     0.001     0.002     0.091	     1.408	     0.061	     0.582	     6.372	

72	2246	2     0.001     0.001     0.001     0.091	     1.406	     0.061	     0.582	     6.221	

73	2272	2     0.001     0.001     0.002     0.091	     1.407	     0.061	     0.582	     6.201	

74	2304	2     0.001     0.001     0.002     0.091	     1.404	     0.061	     0.582	     5.892	
===X0	===X1	===X2	===X3	===X4	
75	2338	2     0.001     0.001     0.002     0.091	     1.404	     0.061	     0.582	     5.892	

76	2367	2     0.001     0.001     0.002     0.091	     1.403	     0.061	     0.582	     5.791	

77	2395	2     0.001     0.001     0.001     0.091	     1.404	     0.061	     0.582	     5.807	

78	2426	2     0.001     0.001     0.001     0.092	     1.404	     0.061	     0.582	     5.617	

79	2457	2     0.001     0.001     0.001     0.091	     1.402	     0.061	     0.582	     5.504	
===X0	===X1	===X2	===X3	===X4	
80	2487	2     0.001     0.001     0.001     0.091	     1.401	     0.061	     0.582	     5.280	

81	2513	2     0.001     0.001     0.001     0.091	     1.399	     0.061	     0.582	     5.170	

82	2542	2     0.001     0.001     0.001     0.091	     1.398	     0.061	     0.582	     5.054	

*** OPTIMIZATION TERMINATED BECAUSE THE CRITERION VALUE HAS NOT CHANGED 
 0.01 % IN 10 SHUFFLING LOOPS ***

*** PRINT THE FINAL PARAMETER ESTIMATE AND ITS CRITERION VALUE ***
CRITERION	X0		X1		X2		X3		X4		
     0.001	     0.091	     1.398	     0.061	     0.582	     5.054	
